<testsuite tests='1' results='1' failures='0' disabled='0' errors='0' time='1.726' name='behavior.CountingThings'>
  <testcase classname='behavior.CountingThings' name='Adding two integers' time='0.118' />
</testsuite>